<?xml version="1.0" encoding="UTF-8"?>
<testng-results skipped="0" failed="0" ignored="0" total="1" passed="1">
  <reporter-output>
  </reporter-output>
  <suite name="Default suite" duration-ms="91" started-at="2018-04-08T07:09:16Z" finished-at="2018-04-08T07:09:16Z">
    <groups>
    </groups>
    <test name="Default test" duration-ms="91" started-at="2018-04-08T07:09:16Z" finished-at="2018-04-08T07:09:16Z">
      <class name="test.TestNGPractice">
        <test-method status="PASS" signature="testEmailGenerator()[pri:0, instance:test.TestNGPractice@56ef9176]" name="testEmailGenerator" duration-ms="24" started-at="2018-04-08T15:09:16Z" finished-at="2018-04-08T15:09:16Z">
          <reporter-output>
          </reporter-output>
        </test-method> <!-- testEmailGenerator -->
      </class> <!-- test.TestNGPractice -->
    </test> <!-- Default test -->
  </suite> <!-- Default suite -->
</testng-results>
